\BOOKMARK [0][-]{toc.0}{Muc luc}{}% 1
\BOOKMARK [0][-]{section*.3}{Li cam n}{}% 2
\BOOKMARK [0][-]{chapter*.4}{Danh s\341ch h\354nh ve}{}% 3
\BOOKMARK [0][-]{chapter.1}{M u}{}% 4
\BOOKMARK [0][-]{chapter.2}{Gii thiu b\340i to\341n}{}% 5
\BOOKMARK [1][-]{section.2.1}{Gii thiu b\340i to\341n}{chapter.2}% 6
\BOOKMARK [1][-]{section.2.2}{B d liu s dung}{chapter.2}% 7
\BOOKMARK [0][-]{chapter.3}{C\341c phng ph\341p s dung v\340 kt qua thc nghim}{}% 8
\BOOKMARK [1][-]{section.3.1}{KNN}{chapter.3}% 9
\BOOKMARK [2][-]{subsection.3.1.1}{C s l\375 thuyt}{section.3.1}% 10
\BOOKMARK [2][-]{subsection.3.1.2}{C\340i t}{section.3.1}% 11
\BOOKMARK [2][-]{subsection.3.1.3}{Kt qua}{section.3.1}% 12
\BOOKMARK [1][-]{section.3.2}{Mang neural}{chapter.3}% 13
\BOOKMARK [1][-]{section.3.3}{CNN}{chapter.3}% 14
\BOOKMARK [1][-]{section.3.4}{SVM}{chapter.3}% 15
\BOOKMARK [0][-]{chapter.4}{Kt lun}{}% 16
\BOOKMARK [1][-]{section.4.1}{So s\341nh c\341c phng ph\341p}{chapter.4}% 17
\BOOKMARK [1][-]{section.4.2}{Kh\363 khan gp phai}{chapter.4}% 18
\BOOKMARK [1][-]{section.4.3}{Kinh nghim r\372t ra c}{chapter.4}% 19
\BOOKMARK [0][-]{chapter.5}{T\340i liu tham khao}{}% 20
